[backblue.gif]
[fade.gif]
[index.html]
[www.betika.com/et/mobile/manifest.json]
[www.betika.com/et/mobile/images/android-icon-192x192.png]
[www.betika.com/et/mobile/images/apple-icon-152x152.png]
[www.betika.com/et/mobile/favicon.ico]
[external.html]
[connect.facebook.net/en_US/fbevents.js]
[www.betika.com/et/mobile/images/logo-small.png]
[www.betika.com/et/mobile/0.41fddac9f32002f2c64e.js]
[www.betika.com/et/mobile/3.2d08ec9ca4527846472c.js]
[www.betika.com/et/mobile/app.93ad4801c46a072aab56.js]
[www.betika.com/et/mobile/vendor.93ad4801c46a072aab56.js]
[www.betika.com/et/mobile/index.html]
[www.googletagmanager.com/gtm5445.html]
[connect.facebook.net/en_US/fbevents.js]
[www.betika.com/et/mobile/GET.html]
[www.betika.com/et/mobile/css/widgets.css]
[storage.googleapis.com/betika-africa-cdn/eth-contacts-loaderc619.js]
[www.betika.com/et/mobile/c.html]
[www.betika.com/et/mobile/b.html]
[www.betika.com/et/mobile/POST.html]
